<?xml version="1.0" encoding="UTF-8" ?>
<testsuite errors="0" failures="0" name="org.sakaiproject.test.section.integration.IntegrationSupportTest" tests="2" time="4.609">
  <properties>
    <property name="file.encoding.pkg" value="sun.io"></property>
    <property name="maven.compile.debug" value="on"></property>
    <property name="maven.property.inheritance" value="true"></property>
    <property name="java.home" value="c:\j2sdk1.4.2_08\jre"></property>
    <property name="standalone" value="true"></property>
    <property name="maven.distBuildIndicator" value="DIST_BUILD_DIRECTORY"></property>
    <property name="context" value="org.apache.maven.jelly.MavenJellyContext@cab854"></property>
    <property name="maven.plugin.unpacked.dir" value="C:\Documents and Settings\josh/.maven/cache"></property>
    <property name="java.endorsed.dirs" value="c:\j2sdk1.4.2_08\lib\endorsed;c:\java\maven1.0.2\lib\endorsed"></property>
    <property name="maven.conf.dir" value="C:\sakai-src\working-copy\sections\sections-comp-shared\integration-support/conf"></property>
    <property name="org.apache.commons.jelly.ant.Project" value="org.apache.commons.grant.GrantProject@f20434"></property>
    <property name="maven.xdoc.includeProjectDocumentation" value="yes"></property>
    <property name="maven.docs.omitXmlDeclaration" value="false"></property>
    <property name="sun.os.patch.level" value="Service Pack 2"></property>
    <property name="java.vendor.url" value="http://java.sun.com/"></property>
    <property name="maven.build.dir" value="C:\sakai-src\working-copy\sections\sections-comp-shared\integration-support/target"></property>
    <property name="java.version" value="1.4.2_08"></property>
    <property name="maven.remote.group" value="maven"></property>
    <property name="java.vendor.url.bug" value="http://java.sun.com/cgi-bin/bugreport.cgi"></property>
    <property name="maven.junit.jvm" value=""></property>
    <property name="user.name" value="josh"></property>
    <property name="sun.io.unicode.encoding" value="UnicodeLittle"></property>
    <property name="maven.junit.printSummary" value="true"></property>
    <property name="sourcesPresent" value="true"></property>
    <property name="java.runtime.name" value="Java(TM) 2 Runtime Environment, Standard Edition"></property>
    <property name="maven.xdoc.date.format" value="dd MMMM yyyy"></property>
    <property name="java.specification.name" value="Java Platform API Specification"></property>
    <property name="user.timezone" value="America/Los_Angeles"></property>
    <property name="maven.xdoc.poweredby.title" value="Built by Maven"></property>
    <property name="maven.ssh.executable" value="ssh"></property>
    <property name="path.separator" value=";"></property>
    <property name="maven.xdoc.pomDocuments" value="cvs-usage.xml,index.xml,maven-reports.xml,dependencies.xml,issue-tracking.xml,mail-lists.xml,project-info.xml,team-list.xml,downloads.jelly"></property>
    <property name="file.encoding" value="Cp1252"></property>
    <property name="maven.antlr.target.dir" value="C:\sakai-src\working-copy\sections\sections-comp-shared\integration-support/target/antlr"></property>
    <property name="maven.jar.mainclass" value=""></property>
    <property name="systemScope" value="{java.runtime.name=Java(TM) 2 Runtime Environment, Standard Edition, sun.boot.library.path=c:\j2sdk1.4.2_08\jre\bin, java.vm.version=1.4.2_08-b03, java.vm.vendor=Sun Microsystems Inc., java.vendor.url=http://java.sun.com/, path.separator=;, java.vm.name=Java HotSpot(TM) Client VM, file.encoding.pkg=sun.io, user.country=US, sun.os.patch.level=Service Pack 2, java.vm.specification.name=Java Virtual Machine Specification, user.dir=C:\sakai-src\working-copy\sections, java.runtime.version=1.4.2_08-b03, forehead.conf.file=c:\java\maven1.0.2\bin\forehead.conf, java.awt.graphicsenv=sun.awt.Win32GraphicsEnvironment, java.endorsed.dirs=c:\j2sdk1.4.2_08\lib\endorsed;c:\java\maven1.0.2\lib\endorsed, os.arch=x86, java.io.tmpdir=C:\DOCUME~1\josh\LOCALS~1\Temp\, line.separator=
, java.vm.specification.vendor=Sun Microsystems Inc., user.variant=, os.name=Windows XP, sun.java2d.fontpath=, tools.jar=c:\j2sdk1.4.2_08\lib\tools.jar, javax.xml.parsers.SAXParserFactory=org.apache.xerces.jaxp.SAXParserFactoryImpl, java.library.path=c:\j2sdk1.4.2_08\bin;.;C:\WINDOWS\system32;C:\WINDOWS;C:\WINDOWS\system32;C:\WINDOWS;C:\WINDOWS\System32\Wbem;C:\PROGRA~1\COMMON~1\Odbc\FILEMA~1;C:\Program Files\MySQL\MySQL Server 4.1\bin;c:\j2sdk1.4.2_08\bin;c:\java\maven1.0.2\bin;C:\usr\local\wbin;C:\Program Files\WinSCP3\, java.specification.name=Java Platform API Specification, java.class.version=48.0, java.util.prefs.PreferencesFactory=java.util.prefs.WindowsPreferencesFactory, os.version=5.1, user.home=C:\Documents and Settings\josh, user.timezone=America/Los_Angeles, java.awt.printerjob=sun.awt.windows.WPrinterJob, file.encoding=Cp1252, java.specification.version=1.4, java.class.path=c:\java\maven1.0.2\lib\forehead-1.0-beta-5.jar, user.name=josh, java.vm.specification.version=1.0, java.home=c:\j2sdk1.4.2_08\jre, sun.arch.data.model=32, user.language=en, java.specification.vendor=Sun Microsystems Inc., standalone=true, awt.toolkit=sun.awt.windows.WToolkit, java.vm.info=mixed mode, java.version=1.4.2_08, java.ext.dirs=c:\j2sdk1.4.2_08\jre\lib\ext, sun.boot.class.path=c:\java\maven1.0.2\lib\endorsed\xerces-2.4.0.jar;c:\java\maven1.0.2\lib\endorsed\xml-apis-1.0.b2.jar;c:\j2sdk1.4.2_08\jre\lib\rt.jar;c:\j2sdk1.4.2_08\jre\lib\i18n.jar;c:\j2sdk1.4.2_08\jre\lib\sunrsasign.jar;c:\j2sdk1.4.2_08\jre\lib\jsse.jar;c:\j2sdk1.4.2_08\jre\lib\jce.jar;c:\j2sdk1.4.2_08\jre\lib\charsets.jar;c:\j2sdk1.4.2_08\jre\classes, javax.xml.parsers.DocumentBuilderFactory=org.apache.xerces.jaxp.DocumentBuilderFactoryImpl, java.vendor=Sun Microsystems Inc., maven.home=c:\java\maven1.0.2, file.separator=\, java.vendor.url.bug=http://java.sun.com/cgi-bin/bugreport.cgi, sun.io.unicode.encoding=UnicodeLittle, sun.cpu.endian=little, sun.cpu.isalist=pentium i486 i386}"></property>
    <property name="maven.junit.dir" value="C:\sakai-src\working-copy\sections\sections-comp-shared\integration-support"></property>
    <property name="maven.xdoc.poweredby.image" value="maven-button-1.png"></property>
    <property name="maven.jar.index" value="false"></property>
    <property name="java.io.tmpdir" value="C:\DOCUME~1\josh\LOCALS~1\Temp\"></property>
    <property name="user.language" value="en"></property>
    <property name="maven.xdoc.date" value=""></property>
    <property name="line.separator" value="
"></property>
    <property name="maven.repo.local" value="C:\Documents and Settings\josh/.maven/repository"></property>
    <property name="maven.plugin.user.dir" value="C:\Documents and Settings\josh/.maven/plugins"></property>
    <property name="maven.artifact.manifest.basedir" value="/plugin-resources/templates"></property>
    <property name="maven.junit.fork" value="no "></property>
    <property name="maven.junit.usefile" value="true"></property>
    <property name="maven.junit.format" value="brief"></property>
    <property name="maven.compile.optimize" value="off"></property>
    <property name="java.vm.info" value="mixed mode"></property>
    <property name="maven.repo.remote.enabled" value="true"></property>
    <property name="java.util.prefs.PreferencesFactory" value="java.util.prefs.WindowsPreferencesFactory"></property>
    <property name="java.vm.specification.name" value="Java Virtual Machine Specification"></property>
    <property name="standalone.deploy.dir" value="C:/java/jakarta-tomcat-5.5.9/webapps/"></property>
    <property name="maven.emacsModeOn" value="false"></property>
    <property name="maven.build.dest" value="C:\sakai-src\working-copy\sections\sections-comp-shared\integration-support/target/classes"></property>
    <property name="maven.jar.manifest.extensions.add" value="false"></property>
    <property name="maven.compile.deprecation" value="off"></property>
    <property name="maven.xdoc.projectInfo" value="cvs-usage.xml,dependencies.xml,issue-tracking.xml,mail-lists.xml,project-info.xml,team-list.xml,downloads.jelly"></property>
    <property name="parentScope" value="{maven.session=org.apache.maven.MavenSession@a7c45e, java.vendor=org.apache.commons.jelly.expression.ConstantExpression@4d2af2[value=Sun Microsystems Inc.], os.name=org.apache.commons.jelly.expression.ConstantExpression@3e97df[value=Windows XP], sun.boot.class.path=org.apache.commons.jelly.expression.ConstantExpression@164debb[value=c:\java\maven1.0.2\lib\endorsed\xerces-2.4.0.jar;c:\java\maven1.0.2\lib\endorsed\xml-apis-1.0.b2.jar;c:\j2sdk1.4.2_08\jre\lib\rt.jar;c:\j2sdk1.4.2_08\jre\lib\i18n.jar;c:\j2sdk1.4.2_08\jre\lib\sunrsasign.jar;c:\j2sdk1.4.2_08\jre\lib\jsse.jar;c:\j2sdk1.4.2_08\jre\lib\jce.jar;c:\j2sdk1.4.2_08\jre\lib\charsets.jar;c:\j2sdk1.4.2_08\jre\classes], standalone=org.apache.commons.jelly.expression.ConstantExpression@15b0333[value=true], maven.distBuildDirectory=org.apache.commons.jelly.expression.CompositeExpression@2f2295[expressions=[org.apache.commons.jelly.expression.jexl.JexlExpressionFactory$ExpressionSupportLocal@878c4c[expression:basedir], org.apache.commons.jelly.expression.ConstantExpression@10c0f66[value=/target]]], tools.jar=org.apache.commons.jelly.expression.ConstantExpression@c6f734[value=c:\j2sdk1.4.2_08\lib\tools.jar], sun.java2d.fontpath=org.apache.commons.jelly.expression.ConstantExpression@8f9a32[value=], java.vm.specification.vendor=org.apache.commons.jelly.expression.ConstantExpression@1d47b2b[value=Sun Microsystems Inc.], java.runtime.version=org.apache.commons.jelly.expression.ConstantExpression@e265d0[value=1.4.2_08-b03], maven.repo.remote.enabled=org.apache.commons.jelly.expression.ConstantExpression@18a6e6e[value=true], systemScope={java.runtime.name=Java(TM) 2 Runtime Environment, Standard Edition, sun.boot.library.path=c:\j2sdk1.4.2_08\jre\bin, java.vm.version=1.4.2_08-b03, java.vm.vendor=Sun Microsystems Inc., java.vendor.url=http://java.sun.com/, path.separator=;, java.vm.name=Java HotSpot(TM) Client VM, file.encoding.pkg=sun.io, user.country=US, sun.os.patch.level=Service Pack 2, java.vm.specification.name=Java Virtual Machine Specification, user.dir=C:\sakai-src\working-copy\sections, java.runtime.version=1.4.2_08-b03, forehead.conf.file=c:\java\maven1.0.2\bin\forehead.conf, java.awt.graphicsenv=sun.awt.Win32GraphicsEnvironment, java.endorsed.dirs=c:\j2sdk1.4.2_08\lib\endorsed;c:\java\maven1.0.2\lib\endorsed, os.arch=x86, java.io.tmpdir=C:\DOCUME~1\josh\LOCALS~1\Temp\, line.separator=
, java.vm.specification.vendor=Sun Microsystems Inc., user.variant=, os.name=Windows XP, sun.java2d.fontpath=, tools.jar=c:\j2sdk1.4.2_08\lib\tools.jar, javax.xml.parsers.SAXParserFactory=org.apache.xerces.jaxp.SAXParserFactoryImpl, java.library.path=c:\j2sdk1.4.2_08\bin;.;C:\WINDOWS\system32;C:\WINDOWS;C:\WINDOWS\system32;C:\WINDOWS;C:\WINDOWS\System32\Wbem;C:\PROGRA~1\COMMON~1\Odbc\FILEMA~1;C:\Program Files\MySQL\MySQL Server 4.1\bin;c:\j2sdk1.4.2_08\bin;c:\java\maven1.0.2\bin;C:\usr\local\wbin;C:\Program Files\WinSCP3\, java.specification.name=Java Platform API Specification, java.class.version=48.0, java.util.prefs.PreferencesFactory=java.util.prefs.WindowsPreferencesFactory, os.version=5.1, user.home=C:\Documents and Settings\josh, user.timezone=America/Los_Angeles, java.awt.printerjob=sun.awt.windows.WPrinterJob, file.encoding=Cp1252, java.specification.version=1.4, java.class.path=c:\java\maven1.0.2\lib\forehead-1.0-beta-5.jar, user.name=josh, java.vm.specification.version=1.0, java.home=c:\j2sdk1.4.2_08\jre, sun.arch.data.model=32, user.language=en, java.specification.vendor=Sun Microsystems Inc., standalone=true, awt.toolkit=sun.awt.windows.WToolkit, java.vm.info=mixed mode, java.version=1.4.2_08, java.ext.dirs=c:\j2sdk1.4.2_08\jre\lib\ext, sun.boot.class.path=c:\java\maven1.0.2\lib\endorsed\xerces-2.4.0.jar;c:\java\maven1.0.2\lib\endorsed\xml-apis-1.0.b2.jar;c:\j2sdk1.4.2_08\jre\lib\rt.jar;c:\j2sdk1.4.2_08\jre\lib\i18n.jar;c:\j2sdk1.4.2_08\jre\lib\sunrsasign.jar;c:\j2sdk1.4.2_08\jre\lib\jsse.jar;c:\j2sdk1.4.2_08\jre\lib\jce.jar;c:\j2sdk1.4.2_08\jre\lib\charsets.jar;c:\j2sdk1.4.2_08\jre\classes, javax.xml.parsers.DocumentBuilderFactory=org.apache.xerces.jaxp.DocumentBuilderFactoryImpl, java.vendor=Sun Microsystems Inc., maven.home=c:\java\maven1.0.2, file.separator=\, java.vendor.url.bug=http://java.sun.com/cgi-bin/bugreport.cgi, sun.io.unicode.encoding=UnicodeLittle, sun.cpu.endian=little, sun.cpu.isalist=pentium i486 i386}, user.name=org.apache.commons.jelly.expression.ConstantExpression@1581e80[value=josh], maven.debugOn=false, maven.compile.debug=org.apache.commons.jelly.expression.ConstantExpression@3a9d95[value=on], maven.repo.local=org.apache.commons.jelly.expression.CompositeExpression@3fbbfc[expressions=[org.apache.commons.jelly.expression.jexl.JexlExpressionFactory$ExpressionSupportLocal@4ed904[expression:maven.home.local], org.apache.commons.jelly.expression.ConstantExpression@8997d1[value=/repository]]], maven.defaults.loaded=org.apache.commons.jelly.expression.ConstantExpression@14e45b3[value=true], javax.xml.parsers.SAXParserFactory=org.apache.commons.jelly.expression.ConstantExpression@1c1f5b2[value=org.apache.xerces.jaxp.SAXParserFactoryImpl], maven.docs.omitXmlDeclaration=org.apache.commons.jelly.expression.ConstantExpression@e99ce5[value=false], user.language=org.apache.commons.jelly.expression.ConstantExpression@13b9fae[value=en], sun.boot.library.path=org.apache.commons.jelly.expression.ConstantExpression@1706da8[value=c:\j2sdk1.4.2_08\jre\bin], maven.build.dest=org.apache.commons.jelly.expression.CompositeExpression@2f356f[expressions=[org.apache.commons.jelly.expression.jexl.JexlExpressionFactory$ExpressionSupportLocal@15d252d[expression:maven.build.dir], org.apache.commons.jelly.expression.ConstantExpression@33b121[value=/classes]]], maven.xmlOutput=org.apache.commons.jelly.XMLOutput$1@1b22920[contentHandler=org.dom4j.io.XMLWriter@1aa2c23;lexicalHandler=org.dom4j.io.XMLWriter@1aa2c23], maven.plugin.user.dir=org.apache.commons.jelly.expression.CompositeExpression@137d4a4[expressions=[org.apache.commons.jelly.expression.jexl.JexlExpressionFactory$ExpressionSupportLocal@6963d0[expression:maven.home.local], org.apache.commons.jelly.expression.ConstantExpression@118223d[value=/plugins]]], java.version=org.apache.commons.jelly.expression.ConstantExpression@1700391[value=1.4.2_08], user.timezone=org.apache.commons.jelly.expression.ConstantExpression@fa39d7[value=], sun.arch.data.model=org.apache.commons.jelly.expression.ConstantExpression@1eb904d[value=32], java.endorsed.dirs=org.apache.commons.jelly.expression.ConstantExpression@4eeaaf[value=c:\j2sdk1.4.2_08\lib\endorsed;c:\java\maven1.0.2\lib\endorsed], sun.cpu.isalist=org.apache.commons.jelly.expression.ConstantExpression@111bfbc[value=pentium i486 i386], maven.property.inheritance=org.apache.commons.jelly.expression.ConstantExpression@4310d0[value=true], file.encoding.pkg=org.apache.commons.jelly.expression.ConstantExpression@104fc23[value=sun.io], file.separator=org.apache.commons.jelly.expression.ConstantExpression@457d21[value=\], java.specification.name=org.apache.commons.jelly.expression.ConstantExpression@1a0ae6[value=Java Platform API Specification], maven.src.dir=org.apache.commons.jelly.expression.CompositeExpression@1c18a4c[expressions=[org.apache.commons.jelly.expression.jexl.JexlExpressionFactory$ExpressionSupportLocal@15e92d7[expression:basedir], org.apache.commons.jelly.expression.ConstantExpression@1fa681c[value=/src]]], java.class.version=org.apache.commons.jelly.expression.ConstantExpression@c92507[value=48.0], user.country=org.apache.commons.jelly.expression.ConstantExpression@19e09a4[value=US], java.home=org.apache.commons.jelly.expression.ConstantExpression@8aeed0[value=c:\j2sdk1.4.2_08\jre], javax.xml.parsers.DocumentBuilderFactory=org.apache.commons.jelly.expression.ConstantExpression@144b18f[value=org.apache.xerces.jaxp.DocumentBuilderFactoryImpl], forehead.conf.file=org.apache.commons.jelly.expression.ConstantExpression@e5355f[value=c:\java\maven1.0.2\bin\forehead.conf], java.vm.info=org.apache.commons.jelly.expression.ConstantExpression@132ae7[value=mixed mode], os.version=org.apache.commons.jelly.expression.ConstantExpression@65b738[value=5.1], maven.conf.dir=org.apache.commons.jelly.expression.CompositeExpression@1dfd868[expressions=[org.apache.commons.jelly.expression.jexl.JexlExpressionFactory$ExpressionSupportLocal@f894ce[expression:basedir], org.apache.commons.jelly.expression.ConstantExpression@1f1680f[value=/conf]]], path.separator=org.apache.commons.jelly.expression.ConstantExpression@1e6e305[value=;], java.vm.version=org.apache.commons.jelly.expression.ConstantExpression@14275d4[value=1.4.2_08-b03], maven.build.dir=org.apache.commons.jelly.expression.CompositeExpression@45e228[expressions=[org.apache.commons.jelly.expression.jexl.JexlExpressionFactory$ExpressionSupportLocal@2b249[expression:basedir], org.apache.commons.jelly.expression.ConstantExpression@106daba[value=/target]]], java.util.prefs.PreferencesFactory=org.apache.commons.jelly.expression.ConstantExpression@1021f34[value=java.util.prefs.WindowsPreferencesFactory], user.variant=org.apache.commons.jelly.expression.ConstantExpression@4eb043[value=], maven.ssh.executable=org.apache.commons.jelly.expression.ConstantExpression@163956[value=ssh], maven.emacsModeOn=false, java.awt.printerjob=org.apache.commons.jelly.expression.ConstantExpression@10e434d[value=sun.awt.windows.WPrinterJob], standalone.deploy.dir=org.apache.commons.jelly.expression.ConstantExpression@16477d9[value=C:/java/jakarta-tomcat-5.5.9/webapps/], hibernate.properties.dir=org.apache.commons.jelly.expression.ConstantExpression@f864fe[value=C:/db/sections/localhost-sa/], sun.io.unicode.encoding=org.apache.commons.jelly.expression.ConstantExpression@1ae9aaa[value=UnicodeLittle], awt.toolkit=org.apache.commons.jelly.expression.ConstantExpression@2c17f7[value=sun.awt.windows.WToolkit], maven.compile.optimize=org.apache.commons.jelly.expression.ConstantExpression@d9896e[value=off], user.home=org.apache.commons.jelly.expression.ConstantExpression@1cda59b[value=C:\Documents and Settings\josh], java.specification.vendor=org.apache.commons.jelly.expression.ConstantExpression@33788d[value=Sun Microsystems Inc.], maven.final.dir=org.apache.commons.jelly.expression.CompositeExpression@12fb0af[expressions=[org.apache.commons.jelly.expression.jexl.JexlExpressionFactory$ExpressionSupportLocal@1f8bd0d[expression:basedir], org.apache.commons.jelly.expression.ConstantExpression@143bf3d[value=/], org.apache.commons.jelly.expression.jexl.JexlExpressionFactory$ExpressionSupportLocal@c06258[expression:maven.final.name]]], maven.build.src=org.apache.commons.jelly.expression.CompositeExpression@789869[expressions=[org.apache.commons.jelly.expression.jexl.JexlExpressionFactory$ExpressionSupportLocal@15e293a[expression:maven.build.dir], org.apache.commons.jelly.expression.ConstantExpression@e4bb3c[value=/src]]], maven.build=org.apache.commons.jelly.expression.ConstantExpression@c063ad[value=MAVEN_BUILD_NOT_SET], java.library.path=org.apache.commons.jelly.expression.ConstantExpression@cffc79[value=c:\j2sdk1.4.2_08\bin;.;C:\WINDOWS\system32;C:\WINDOWS;C:\WINDOWS\system32;C:\WINDOWS;C:\WINDOWS\System32\Wbem;C:\PROGRA~1\COMMON~1\Odbc\FILEMA~1;C:\Program Files\MySQL\MySQL Server 4.1\bin;c:\j2sdk1.4.2_08\bin;c:\java\maven1.0.2\bin;C:\usr\local\wbin;C:\Program Files\WinSCP3\], java.vendor.url=org.apache.commons.jelly.expression.ConstantExpression@c8769b[value=http://java.sun.com/], maven.tomcat.home=org.apache.commons.jelly.expression.ConstantExpression@e2ecc7[value=C:/java/sakai-tomcat-5.5.9/], java.vm.vendor=org.apache.commons.jelly.expression.ConstantExpression@272961[value=Sun Microsystems Inc.], maven.username=org.apache.commons.jelly.expression.ConstantExpression@10dc656[value=USERNAME_NOT_SET], maven.home=org.apache.commons.jelly.expression.ConstantExpression@1584807[value=c:\java\maven1.0.2], java.runtime.name=org.apache.commons.jelly.expression.ConstantExpression@e0e515[value=Java(TM) 2 Runtime Environment, Standard Edition], java.class.path=org.apache.commons.jelly.expression.ConstantExpression@dfcb47[value=c:\java\maven1.0.2\lib\forehead-1.0-beta-5.jar], maven.remote.group=org.apache.commons.jelly.expression.ConstantExpression@9abc69[value=maven], maven.gen.docs=org.apache.commons.jelly.expression.CompositeExpression@c792d4[expressions=[org.apache.commons.jelly.expression.jexl.JexlExpressionFactory$ExpressionSupportLocal@78dc4c[expression:maven.build.dir], org.apache.commons.jelly.expression.ConstantExpression@c70b0d[value=/generated-xdocs]]], context=org.apache.maven.jelly.MavenJellyContext@1a6a1a7, maven.distDirectory=org.apache.commons.jelly.expression.CompositeExpression@bef361[expressions=[org.apache.commons.jelly.expression.jexl.JexlExpressionFactory$ExpressionSupportLocal@5c98f3[expression:basedir], org.apache.commons.jelly.expression.ConstantExpression@13d9460[value=/dist]]], maven.docs.dest=org.apache.commons.jelly.expression.CompositeExpression@1d840cd[expressions=[org.apache.commons.jelly.expression.jexl.JexlExpressionFactory$ExpressionSupportLocal@867fc9[expression:maven.build.dir], org.apache.commons.jelly.expression.ConstantExpression@2f8116[value=/docs]]], maven.compile.deprecation=org.apache.commons.jelly.expression.ConstantExpression@c3e82b[value=off], maven.license.licenseFile=org.apache.commons.jelly.expression.CompositeExpression@1bf7b23[expressions=[org.apache.commons.jelly.expression.jexl.JexlExpressionFactory$ExpressionSupportLocal@2d7440[expression:basedir], org.apache.commons.jelly.expression.ConstantExpression@2b349d[value=/../sakai_license_1_0.txt]]], java.vm.specification.name=org.apache.commons.jelly.expression.ConstantExpression@8b567c[value=Java Virtual Machine Specification], maven.docs.outputencoding=org.apache.commons.jelly.expression.ConstantExpression@1dafbaf[value=ISO-8859-1], java.vm.specification.version=org.apache.commons.jelly.expression.ConstantExpression@1c1c92b[value=1.0], sun.cpu.endian=org.apache.commons.jelly.expression.ConstantExpression@17e4dee[value=little], sun.os.patch.level=org.apache.commons.jelly.expression.ConstantExpression@12e7c6a[value=Service Pack 2], maven.plugin.unpacked.dir=org.apache.commons.jelly.expression.CompositeExpression@ea5461[expressions=[org.apache.commons.jelly.expression.jexl.JexlExpressionFactory$ExpressionSupportLocal@49cf9f[expression:maven.home.local], org.apache.commons.jelly.expression.ConstantExpression@1de0b5e[value=/cache]]], java.io.tmpdir=org.apache.commons.jelly.expression.ConstantExpression@bc5596[value=C:\DOCUME~1\josh\LOCALS~1\Temp\], maven.scp.executable=org.apache.commons.jelly.expression.ConstantExpression@970c0e[value=scp], java.vendor.url.bug=org.apache.commons.jelly.expression.ConstantExpression@987197[value=http://java.sun.com/cgi-bin/bugreport.cgi], maven.final.name=org.apache.commons.jelly.expression.CompositeExpression@497904[expressions=[org.apache.commons.jelly.expression.jexl.JexlExpressionFactory$ExpressionSupportLocal@1a7f9dc[expression:pom.artifactId], org.apache.commons.jelly.expression.ConstantExpression@104e28b[value=-], org.apache.commons.jelly.expression.jexl.JexlExpressionFactory$ExpressionSupportLocal@1b54362[expression:pom.currentVersion]]], maven.distBuildIndicator=org.apache.commons.jelly.expression.ConstantExpression@15b0e2c[value=DIST_BUILD_DIRECTORY], os.arch=org.apache.commons.jelly.expression.ConstantExpression@ff9053[value=x86], java.awt.graphicsenv=org.apache.commons.jelly.expression.ConstantExpression@5c7734[value=sun.awt.Win32GraphicsEnvironment], java.ext.dirs=org.apache.commons.jelly.expression.ConstantExpression@96212a[value=c:\j2sdk1.4.2_08\jre\lib\ext], user.dir=org.apache.commons.jelly.expression.ConstantExpression@5b675e[value=C:\sakai-src\working-copy\sections], maven.docs.src=org.apache.commons.jelly.expression.CompositeExpression@df83e5[expressions=[org.apache.commons.jelly.expression.jexl.JexlExpressionFactory$ExpressionSupportLocal@4c6320[expression:basedir], org.apache.commons.jelly.expression.ConstantExpression@ffd135[value=/xdocs]]], line.separator=org.apache.commons.jelly.expression.ConstantExpression@1000bcf[value=
], java.vm.name=org.apache.commons.jelly.expression.ConstantExpression@754fc[value=Java HotSpot(TM) Client VM], basedir=C:\sakai-src\working-copy\sections, maven.plugin.dir=org.apache.commons.jelly.expression.CompositeExpression@15c998a[expressions=[org.apache.commons.jelly.expression.jexl.JexlExpressionFactory$ExpressionSupportLocal@6458a6[expression:maven.home], org.apache.commons.jelly.expression.ConstantExpression@1f82ab4[value=/plugins]]], file.encoding=org.apache.commons.jelly.expression.ConstantExpression@1bb9696[value=Cp1252], maven.application.version=org.apache.commons.jelly.expression.ConstantExpression@9b6220[value=1.0.2], maven.repo.remote=org.apache.commons.jelly.expression.ConstantExpression@1474e45[value=http://cvs.sakaiproject.org/maven,http://www.ibiblio.org/maven], maven.mode.online=org.apache.commons.jelly.expression.ConstantExpression@63a721[value=true], java.specification.version=org.apache.commons.jelly.expression.ConstantExpression@719f1f[value=1.4], maven.home.local=org.apache.commons.jelly.expression.CompositeExpression@185ad79[expressions=[org.apache.commons.jelly.expression.jexl.JexlExpressionFactory$ExpressionSupportLocal@1401d28[expression:user.home], org.apache.commons.jelly.expression.ConstantExpression@3a6e5c[value=/.maven]]]}"></property>
    <property name="maven.artifact.manifest.template" value="manifest.vm"></property>
    <property name="maven.plugin.dir" value="c:\java\maven1.0.2/plugins"></property>
    <property name="org.apache.commons.jelly.werkz.Project" value="[Werkz: goals={sakai:sakai.build=[Goal: name=&quot;sakai:sakai.build&quot;]; precursor=[]], sakai:taglibdoc=[Goal: name=&quot;sakai:taglibdoc&quot;]; precursor=[]], test:test=[Goal: name=&quot;test:test&quot;]; precursor=[[Goal: name=&quot;test:compile&quot;]; precursor=[[Goal: name=&quot;java:compile&quot;]; precursor=[[Goal: name=&quot;java:prepare-filesystem&quot;]; precursor=[]]]], [Goal: name=&quot;java:jar-resources&quot;]; precursor=[]], [Goal: name=&quot;test:prepare-filesystem&quot;]; precursor=[]], [Goal: name=&quot;test:test-resources&quot;]; precursor=[[Goal: name=&quot;test:prepare-filesystem&quot;]; precursor=[]]]]]]]], license:transfer=[Goal: name=&quot;license:transfer&quot;]; precursor=[[Goal: name=&quot;xdoc:init&quot;]; precursor=[]]]], sakai:javadoc=[Goal: name=&quot;sakai:javadoc&quot;]; precursor=[]], xdoc:jelly-init=[Goal: name=&quot;xdoc:jelly-init&quot;]; precursor=[]], pom:deploy=[Goal: name=&quot;pom:deploy&quot;]; precursor=[]], test:single=[Goal: name=&quot;test:single&quot;]; precursor=[[Goal: name=&quot;test:compile&quot;]; precursor=[[Goal: name=&quot;java:compile&quot;]; precursor=[[Goal: name=&quot;java:prepare-filesystem&quot;]; precursor=[]]]], [Goal: name=&quot;java:jar-resources&quot;]; precursor=[]], [Goal: name=&quot;test:prepare-filesystem&quot;]; precursor=[]], [Goal: name=&quot;test:test-resources&quot;]; precursor=[[Goal: name=&quot;test:prepare-filesystem&quot;]; precursor=[]]]]]]]], test:single-test=[Goal: name=&quot;test:single-test&quot;]; precursor=[]], build:end=[Goal: name=&quot;build:end&quot;]; precursor=[]], jar:snapshot=[Goal: name=&quot;jar:snapshot&quot;]; precursor=[]], jar:install=[Goal: name=&quot;jar:install&quot;]; precursor=[[Goal: name=&quot;jar:jar&quot;]; precursor=[[Goal: name=&quot;test:test&quot;]; precursor=[[Goal: name=&quot;test:compile&quot;]; precursor=[[Goal: name=&quot;java:compile&quot;]; precursor=[[Goal: name=&quot;java:prepare-filesystem&quot;]; precursor=[]]]], [Goal: name=&quot;java:jar-resources&quot;]; precursor=[]], [Goal: name=&quot;test:prepare-filesystem&quot;]; precursor=[]], [Goal: name=&quot;test:test-resources&quot;]; precursor=[[Goal: name=&quot;test:prepare-filesystem&quot;]; precursor=[]]]]]]]]]]]], jar:install-snapshot=[Goal: name=&quot;jar:install-snapshot&quot;]; precursor=[[Goal: name=&quot;jar:jar&quot;]; precursor=[[Goal: name=&quot;test:test&quot;]; precursor=[[Goal: name=&quot;test:compile&quot;]; precursor=[[Goal: name=&quot;java:compile&quot;]; precursor=[[Goal: name=&quot;java:prepare-filesystem&quot;]; precursor=[]]]], [Goal: name=&quot;java:jar-resources&quot;]; precursor=[]], [Goal: name=&quot;test:prepare-filesystem&quot;]; precursor=[]], [Goal: name=&quot;test:test-resources&quot;]; precursor=[[Goal: name=&quot;test:prepare-filesystem&quot;]; precursor=[]]]]]]]]]]]], pom:deploy-snapshot=[Goal: name=&quot;pom:deploy-snapshot&quot;]; precursor=[]], xdoc:generate-from-pom=[Goal: name=&quot;xdoc:generate-from-pom&quot;]; precursor=[[Goal: name=&quot;xdoc:init&quot;]; precursor=[]], [Goal: name=&quot;xdoc:register-reports&quot;]; precursor=[]]]], sakai:deploy-zip=[Goal: name=&quot;sakai:deploy-zip&quot;]; precursor=[]], xdoc:init=[Goal: name=&quot;xdoc:init&quot;]; precursor=[]], maven-license-plugin:register=[Goal: name=&quot;maven-license-plugin:register&quot;]; precursor=[]], xdoc:transform=[Goal: name=&quot;xdoc:transform&quot;]; precursor=[[Goal: name=&quot;xdoc:init&quot;]; precursor=[]]]], dpl=[Goal: name=&quot;dpl&quot;]; precursor=[[Goal: name=&quot;sakai:deploy&quot;]; precursor=[]]]], pom:contentvalidate=[Goal: name=&quot;pom:contentvalidate&quot;]; precursor=[]], sakai:clean_build=[Goal: name=&quot;sakai:clean_build&quot;]; precursor=[[Goal: name=&quot;sakai:clean&quot;]; precursor=[]], [Goal: name=&quot;sakai:build&quot;]; precursor=[]]]], test=[Goal: name=&quot;test&quot;]; precursor=[[Goal: name=&quot;test:test&quot;]; precursor=[[Goal: name=&quot;test:compile&quot;]; precursor=[[Goal: name=&quot;java:compile&quot;]; precursor=[[Goal: name=&quot;java:prepare-filesystem&quot;]; precursor=[]]]], [Goal: name=&quot;java:jar-resources&quot;]; precursor=[]], [Goal: name=&quot;test:prepare-filesystem&quot;]; precursor=[]], [Goal: name=&quot;test:test-resources&quot;]; precursor=[[Goal: name=&quot;test:prepare-filesystem&quot;]; precursor=[]]]]]]]]]], xdoc:jelly-transform=[Goal: name=&quot;xdoc:jelly-transform&quot;]; precursor=[[Goal: name=&quot;xdoc:init&quot;]; precursor=[]], [Goal: name=&quot;xdoc:jelly-init&quot;]; precursor=[]], [Goal: name=&quot;xdoc:register-reports&quot;]; precursor=[]]]], artifact:load=[Goal: name=&quot;artifact:load&quot;]; precursor=[]], java:compile=[Goal: name=&quot;java:compile&quot;]; precursor=[[Goal: name=&quot;java:prepare-filesystem&quot;]; precursor=[]]]], license=[Goal: name=&quot;license&quot;]; precursor=[[Goal: name=&quot;license:transfer&quot;]; precursor=[[Goal: name=&quot;xdoc:init&quot;]; precursor=[]]]]]], jar:deploy-snapshot=[Goal: name=&quot;jar:deploy-snapshot&quot;]; precursor=[[Goal: name=&quot;jar:jar&quot;]; precursor=[[Goal: name=&quot;test:test&quot;]; precursor=[[Goal: name=&quot;test:compile&quot;]; precursor=[[Goal: name=&quot;java:compile&quot;]; precursor=[[Goal: name=&quot;java:prepare-filesystem&quot;]; precursor=[]]]], [Goal: name=&quot;java:jar-resources&quot;]; precursor=[]], [Goal: name=&quot;test:prepare-filesystem&quot;]; precursor=[]], [Goal: name=&quot;test:test-resources&quot;]; precursor=[[Goal: name=&quot;test:prepare-filesystem&quot;]; precursor=[]]]]]]]]]]]], build:start=[Goal: name=&quot;build:start&quot;]; precursor=[]], sakai:undeploy=[Goal: name=&quot;sakai:undeploy&quot;]; precursor=[]], test:prepare-filesystem=[Goal: name=&quot;test:prepare-filesystem&quot;]; precursor=[]], maven-license-plugin:report=[Goal: name=&quot;maven-license-plugin:report&quot;]; precursor=[]], jar:jar=[Goal: name=&quot;jar:jar&quot;]; precursor=[[Goal: name=&quot;test:test&quot;]; precursor=[[Goal: name=&quot;test:compile&quot;]; precursor=[[Goal: name=&quot;java:compile&quot;]; precursor=[[Goal: name=&quot;java:prepare-filesystem&quot;]; precursor=[]]]], [Goal: name=&quot;java:jar-resources&quot;]; precursor=[]], [Goal: name=&quot;test:prepare-filesystem&quot;]; precursor=[]], [Goal: name=&quot;test:test-resources&quot;]; precursor=[[Goal: name=&quot;test:prepare-filesystem&quot;]; precursor=[]]]]]]]]]], sakai:clean=[Goal: name=&quot;sakai:clean&quot;]; precursor=[]], pom:install=[Goal: name=&quot;pom:install&quot;]; precursor=[]], xdoc:validate=[Goal: name=&quot;xdoc:validate&quot;]; precursor=[[Goal: name=&quot;pom:taglib&quot;]; precursor=[]]]], xdoc=[Goal: name=&quot;xdoc&quot;]; precursor=[[Goal: name=&quot;xdoc:generate-from-pom&quot;]; precursor=[[Goal: name=&quot;xdoc:init&quot;]; precursor=[]], [Goal: name=&quot;xdoc:register-reports&quot;]; precursor=[]]]], [Goal: name=&quot;xdoc:transform&quot;]; precursor=[[Goal: name=&quot;xdoc:init&quot;]; precursor=[]]]]]], test:test-resources=[Goal: name=&quot;test:test-resources&quot;]; precursor=[[Goal: name=&quot;test:prepare-filesystem&quot;]; precursor=[]]]], xdoc:performJSL=[Goal: name=&quot;xdoc:performJSL&quot;]; precursor=[]], sakai:deploy-report=[Goal: name=&quot;sakai:deploy-report&quot;]; precursor=[]], jar:deploy=[Goal: name=&quot;jar:deploy&quot;]; precursor=[[Goal: name=&quot;jar:jar&quot;]; precursor=[[Goal: name=&quot;test:test&quot;]; precursor=[[Goal: name=&quot;test:compile&quot;]; precursor=[[Goal: name=&quot;java:compile&quot;]; precursor=[[Goal: name=&quot;java:prepare-filesystem&quot;]; precursor=[]]]], [Goal: name=&quot;java:jar-resources&quot;]; precursor=[]], [Goal: name=&quot;test:prepare-filesystem&quot;]; precursor=[]], [Goal: name=&quot;test:test-resources&quot;]; precursor=[[Goal: name=&quot;test:prepare-filesystem&quot;]; precursor=[]]]]]]]]]]]], test:compile=[Goal: name=&quot;test:compile&quot;]; precursor=[[Goal: name=&quot;java:compile&quot;]; precursor=[[Goal: name=&quot;java:prepare-filesystem&quot;]; precursor=[]]]], [Goal: name=&quot;java:jar-resources&quot;]; precursor=[]], [Goal: name=&quot;test:prepare-filesystem&quot;]; precursor=[]], [Goal: name=&quot;test:test-resources&quot;]; precursor=[[Goal: name=&quot;test:prepare-filesystem&quot;]; precursor=[]]]]]], xdoc:copy-resources=[Goal: name=&quot;xdoc:copy-resources&quot;]; precursor=[[Goal: name=&quot;xdoc:init&quot;]; precursor=[]]]], test:ui=[Goal: name=&quot;test:ui&quot;]; precursor=[[Goal: name=&quot;test:compile&quot;]; precursor=[[Goal: name=&quot;java:compile&quot;]; precursor=[[Goal: name=&quot;java:prepare-filesystem&quot;]; precursor=[]]]], [Goal: name=&quot;java:jar-resources&quot;]; precursor=[]], [Goal: name=&quot;test:prepare-filesystem&quot;]; precursor=[]], [Goal: name=&quot;test:test-resources&quot;]; precursor=[[Goal: name=&quot;test:prepare-filesystem&quot;]; precursor=[]]]]]]]], xdoc:copy-user-resources=[Goal: name=&quot;xdoc:copy-user-resources&quot;]; precursor=[[Goal: name=&quot;xdoc:init&quot;]; precursor=[]]]], pom:install-snapshot=[Goal: name=&quot;pom:install-snapshot&quot;]; precursor=[]], bld=[Goal: name=&quot;bld&quot;]; precursor=[[Goal: name=&quot;sakai:build&quot;]; precursor=[]]]], sakai=[Goal: name=&quot;sakai&quot;]; precursor=[[Goal: name=&quot;sakai:clean_build_deploy&quot;]; precursor=[[Goal: name=&quot;sakai:clean&quot;]; precursor=[]], [Goal: name=&quot;sakai:build&quot;]; precursor=[]], [Goal: name=&quot;sakai:deploy&quot;]; precursor=[]]]]]], maven-license-plugin:deregister=[Goal: name=&quot;maven-license-plugin:deregister&quot;]; precursor=[]], jar=[Goal: name=&quot;jar&quot;]; precursor=[[Goal: name=&quot;jar:jar&quot;]; precursor=[[Goal: name=&quot;test:test&quot;]; precursor=[[Goal: name=&quot;test:compile&quot;]; precursor=[[Goal: name=&quot;java:compile&quot;]; precursor=[[Goal: name=&quot;java:prepare-filesystem&quot;]; precursor=[]]]], [Goal: name=&quot;java:jar-resources&quot;]; precursor=[]], [Goal: name=&quot;test:prepare-filesystem&quot;]; precursor=[]], [Goal: name=&quot;test:test-resources&quot;]; precursor=[[Goal: name=&quot;test:prepare-filesystem&quot;]; precursor=[]]]]]]]]]]]], cln=[Goal: name=&quot;cln&quot;]; precursor=[[Goal: name=&quot;sakai:clean&quot;]; precursor=[]]]], sakai:build=[Goal: name=&quot;sakai:build&quot;]; precursor=[]], pom:validate=[Goal: name=&quot;pom:validate&quot;]; precursor=[[Goal: name=&quot;pom:verify-version&quot;]; precursor=[]]]], sakai:clean_build_deploy=[Goal: name=&quot;sakai:clean_build_deploy&quot;]; precursor=[[Goal: name=&quot;sakai:clean&quot;]; precursor=[]], [Goal: name=&quot;sakai:build&quot;]; precursor=[]], [Goal: name=&quot;sakai:deploy&quot;]; precursor=[]]]], test:match-test=[Goal: name=&quot;test:match-test&quot;]; precursor=[]], java:prepare-filesystem=[Goal: name=&quot;java:prepare-filesystem&quot;]; precursor=[]], xdoc:register-reports=[Goal: name=&quot;xdoc:register-reports&quot;]; precursor=[]], pom:taglib=[Goal: name=&quot;pom:taglib&quot;]; precursor=[]], antlr:prepare-filesystem=[Goal: name=&quot;antlr:prepare-filesystem&quot;]; precursor=[]], xdoc:dump-report-settings=[Goal: name=&quot;xdoc:dump-report-settings&quot;]; precursor=[]], sakai:sakai.clean=[Goal: name=&quot;sakai:sakai.clean&quot;]; precursor=[]], java:jar-resources=[Goal: name=&quot;java:jar-resources&quot;]; precursor=[]], test:eclipse=[Goal: name=&quot;test:eclipse&quot;]; precursor=[]], test:match=[Goal: name=&quot;test:match&quot;]; precursor=[[Goal: name=&quot;test:compile&quot;]; precursor=[[Goal: name=&quot;java:compile&quot;]; precursor=[[Goal: name=&quot;java:prepare-filesystem&quot;]; precursor=[]]]], [Goal: name=&quot;java:jar-resources&quot;]; precursor=[]], [Goal: name=&quot;test:prepare-filesystem&quot;]; precursor=[]], [Goal: name=&quot;test:test-resources&quot;]; precursor=[[Goal: name=&quot;test:prepare-filesystem&quot;]; precursor=[]]]]]]]], pom:verify-version=[Goal: name=&quot;pom:verify-version&quot;]; precursor=[]], antlr:generate=[Goal: name=&quot;antlr:generate&quot;]; precursor=[[Goal: name=&quot;antlr:prepare-filesystem&quot;]; precursor=[]]]], sakai:deploy=[Goal: name=&quot;sakai:deploy&quot;]; precursor=[]], und=[Goal: name=&quot;und&quot;]; precursor=[[Goal: name=&quot;sakai:undeploy&quot;]; precursor=[]]]], pom=[Goal: name=&quot;pom&quot;]; precursor=[[Goal: name=&quot;pom:validate&quot;]; precursor=[[Goal: name=&quot;pom:verify-version&quot;]; precursor=[]]]]]], java:jar=[Goal: name=&quot;java:jar&quot;]; precursor=[[Goal: name=&quot;jar:jar&quot;]; precursor=[[Goal: name=&quot;test:test&quot;]; precursor=[[Goal: name=&quot;test:compile&quot;]; precursor=[[Goal: name=&quot;java:compile&quot;]; precursor=[[Goal: name=&quot;java:prepare-filesystem&quot;]; precursor=[]]]], [Goal: name=&quot;java:jar-resources&quot;]; precursor=[]], [Goal: name=&quot;test:prepare-filesystem&quot;]; precursor=[]], [Goal: name=&quot;test:test-resources&quot;]; precursor=[[Goal: name=&quot;test:prepare-filesystem&quot;]; precursor=[]]]]]]]]]]]]};]"></property>
    <property name="java.awt.printerjob" value="sun.awt.windows.WPrinterJob"></property>
    <property name="forehead.conf.file" value="c:\java\maven1.0.2\bin\forehead.conf"></property>
    <property name="maven.final.name" value="sakai-sections-comp-shared-standalone-integrationsupport-2.0.0"></property>
    <property name="maven.jar.manifest" value="C:\sakai-src\working-copy\sections\sections-comp-shared\integration-support/conf/Manifest.mf"></property>
    <property name="maven.xdoc.distributionType" value="jar"></property>
    <property name="maven.scp.executable" value="scp"></property>
    <property name="maven.docs.dest" value="C:\sakai-src\working-copy\sections\sections-comp-shared\integration-support/target/docs"></property>
    <property name="os.name" value="Windows XP"></property>
    <property name="java.specification.vendor" value="Sun Microsystems Inc."></property>
    <property name="maven.docs.src" value="C:\sakai-src\working-copy\sections\sections-comp-shared\integration-support/xdocs"></property>
    <property name="java.vm.name" value="Java HotSpot(TM) Client VM"></property>
    <property name="java.library.path" value="c:\j2sdk1.4.2_08\bin;.;C:\WINDOWS\system32;C:\WINDOWS;C:\WINDOWS\system32;C:\WINDOWS;C:\WINDOWS\System32\Wbem;C:\PROGRA~1\COMMON~1\Odbc\FILEMA~1;C:\Program Files\MySQL\MySQL Server 4.1\bin;c:\j2sdk1.4.2_08\bin;c:\java\maven1.0.2\bin;C:\usr\local\wbin;C:\Program Files\WinSCP3\"></property>
    <property name="maven.build" value="MAVEN_BUILD_NOT_SET"></property>
    <property name="ant.java.version" value="1.4"></property>
    <property name="maven.jar.compress" value="true"></property>
    <property name="basedir" value="C:\sakai-src\working-copy\sections\sections-comp-shared\integration-support"></property>
    <property name="java.class.version" value="48.0"></property>
    <property name="dir__" value="C:\sakai-src\working-copy\sections\sections-comp-shared\integration-support\src\testX"></property>
    <property name="maven.xdoc.poweredby.url" value="http://maven.apache.org/"></property>
    <property name="maven.final.dir" value="C:\sakai-src\working-copy\sections\sections-comp-shared\integration-support/sakai-sections-comp-shared-standalone-integrationsupport-2.0.0"></property>
    <property name="maven.xdoc.developmentProcessUrl" value="http://maven.apache.org/development-process.html"></property>
    <property name="maven.mode.online" value="true"></property>
    <property name="maven.test.dest" value="C:\sakai-src\working-copy\sections\sections-comp-shared\integration-support/target/test-classes"></property>
    <property name="maven.session.global" value="com.werken.werkz.jelly.JellySession@f2164f"></property>
    <property name="maven.xmlOutput" value="org.apache.commons.jelly.XMLOutput$1@1b22920[contentHandler=org.dom4j.io.XMLWriter@1aa2c23;lexicalHandler=org.dom4j.io.XMLWriter@1aa2c23]"></property>
    <property name="maven.test.skip" value="false"></property>
    <property name="maven.src.dir" value="C:\sakai-src\working-copy\sections\sections-comp-shared\integration-support/src"></property>
    <property name="sun.boot.library.path" value="c:\j2sdk1.4.2_08\jre\bin"></property>
    <property name="hibernate.properties.dir" value="C:/db/sections/localhost-sa/"></property>
    <property name="java.awt.graphicsenv" value="sun.awt.Win32GraphicsEnvironment"></property>
    <property name="user.variant" value=""></property>
    <property name="maven.junit.envvars" value=""></property>
    <property name="maven.session" value="org.apache.maven.MavenSession@a7c45e"></property>
    <property name="maven.xdoc.crumb.separator" value="|"></property>
    <property name="java.vm.specification.version" value="1.0"></property>
    <property name="pom" value="Sakai Sections Shared Components: Standalone Test Support"></property>
    <property name="maven.test.reportsDirectory" value="C:\sakai-src\working-copy\sections\sections-comp-shared\integration-support/target/test-reports"></property>
    <property name="awt.toolkit" value="sun.awt.windows.WToolkit"></property>
    <property name="sun.cpu.isalist" value="pentium i486 i386"></property>
    <property name="maven.ant.project" value="org.apache.commons.grant.GrantProject@f20434"></property>
    <property name="unitTestSourcesPresent" value="true"></property>
    <property name="java.ext.dirs" value="c:\j2sdk1.4.2_08\jre\lib\ext"></property>
    <property name="os.version" value="5.1"></property>
    <property name="maven.jar.excludes" value="**/package.html"></property>
    <property name="user.home" value="C:\Documents and Settings\josh"></property>
    <property name="java.vm.vendor" value="Sun Microsystems Inc."></property>
    <property name="javax.xml.parsers.DocumentBuilderFactory" value="org.apache.xerces.jaxp.DocumentBuilderFactoryImpl"></property>
    <property name="maven.xdoc.date.locale" value="en"></property>
    <property name="maven.xdoc.theme.url" value=""></property>
    <property name="user.dir" value="C:\sakai-src\working-copy\sections"></property>
    <property name="maven.artifact.manifest.extensions.add" value="false"></property>
    <property name="maven.xdoc.theme" value="theme"></property>
    <property name="maven.build.src" value="C:\sakai-src\working-copy\sections\sections-comp-shared\integration-support/target/src"></property>
    <property name="sun.cpu.endian" value="little"></property>
    <property name="maven.distDirectory" value="C:\sakai-src\working-copy\sections\sections-comp-shared\integration-support/dist"></property>
    <property name="project" value="org.apache.commons.grant.GrantProject@f20434"></property>
    <property name="maven.defaults.loaded" value="true"></property>
    <property name="maven.username" value="USERNAME_NOT_SET"></property>
    <property name="maven.tomcat.home" value="C:/java/sakai-tomcat-5.5.9/"></property>
    <property name="java.vm.version" value="1.4.2_08-b03"></property>
    <property name="java.class.path" value="c:\java\maven1.0.2\lib\forehead-1.0-beta-5.jar"></property>
    <property name="javax.xml.parsers.SAXParserFactory" value="org.apache.xerces.jaxp.SAXParserFactoryImpl"></property>
    <property name="os.arch" value="x86"></property>
    <property name="maven.debugOn" value="false"></property>
    <property name="maven.junit.jvmargs" value=""></property>
    <property name="maven.repo.remote" value="http://cvs.sakaiproject.org/maven,http://www.ibiblio.org/maven"></property>
    <property name="maven.application.version" value="1.0.2"></property>
    <property name="maven.license.licenseFile" value="C:\sakai-src\working-copy\sections\sections-comp-shared\integration-support/../sakai_license_1_0.txt"></property>
    <property name="java.vm.specification.vendor" value="Sun Microsystems Inc."></property>
    <property name="maven.gen.docs" value="C:\sakai-src\working-copy\sections\sections-comp-shared\integration-support/target/generated-xdocs"></property>
    <property name="file.separator" value="\"></property>
    <property name="java.runtime.version" value="1.4.2_08-b03"></property>
    <property name="sun.boot.class.path" value="c:\java\maven1.0.2\lib\endorsed\xerces-2.4.0.jar;c:\java\maven1.0.2\lib\endorsed\xml-apis-1.0.b2.jar;c:\j2sdk1.4.2_08\jre\lib\rt.jar;c:\j2sdk1.4.2_08\jre\lib\i18n.jar;c:\j2sdk1.4.2_08\jre\lib\sunrsasign.jar;c:\j2sdk1.4.2_08\jre\lib\jsse.jar;c:\j2sdk1.4.2_08\jre\lib\jce.jar;c:\j2sdk1.4.2_08\jre\lib\charsets.jar;c:\j2sdk1.4.2_08\jre\classes"></property>
    <property name="maven.home.local" value="C:\Documents and Settings\josh/.maven"></property>
    <property name="sun.java2d.fontpath" value=""></property>
    <property name="user.country" value="US"></property>
    <property name="maven.home" value="c:\java\maven1.0.2"></property>
    <property name="maven.antlr.src.dir" value="MAVEN_ANTLR_SRC_DIR_NOT_SET"></property>
    <property name="tools.jar" value="c:\j2sdk1.4.2_08\lib\tools.jar"></property>
    <property name="maven.distBuildDirectory" value="C:\sakai-src\working-copy\sections\sections-comp-shared\integration-support/target"></property>
    <property name="java.vendor" value="Sun Microsystems Inc."></property>
    <property name="maven.docs.outputencoding" value="ISO-8859-1"></property>
    <property name="java.specification.version" value="1.4"></property>
    <property name="maven.ui.navcol.width" value="20%"></property>
    <property name="sun.arch.data.model" value="32"></property>
  </properties>
  <testcase name="testUserIntegration" time="4.421"></testcase>
  <testcase name="testSiteMembership" time="0.063"></testcase>
  <system-out><![CDATA[]]></system-out>
  <system-err><![CDATA[]]></system-err>
</testsuite>
